<?xml version="1.0" encoding="UTF-8"?>
<!-- Generated by org.testng.reporters.JUnitReportReporter -->
<testsuite hostname="DESKTOP-2RDTDJ8" failures="0" tests="3" name="org.testng.Sample" time="28.194" errors="0" timestamp="2022-09-22T19:33:57 IST" skipped="0">
  <testcase classname="org.testng.Sample" name="crossbrowser" time="8.980"/>
  <system-out/>
  <testcase classname="org.testng.Sample" name="crossbrowser" time="10.798"/>
  <system-out/>
  <testcase classname="org.testng.Sample" name="crossbrowser" time="8.416"/>
  <system-out/>
</testsuite> <!-- org.testng.Sample -->
