<?xml version="1.0" encoding="UTF-8"?>
<!-- Generated by org.testng.reporters.JUnitReportReporter -->
<testsuite hostname="DESKTOP-2RDTDJ8" failures="0" tests="3" name="org.testng.turn" time="152.648" errors="0" timestamp="2022-09-21T20:51:57 IST" skipped="0">
  <testcase classname="org.testng.turn" name="insta" time="45.120"/>
  <system-out/>
  <testcase classname="org.testng.turn" name="fb" time="20.967"/>
  <system-out/>
  <testcase classname="org.testng.turn" name="flipkart" time="86.561"/>
  <system-out/>
</testsuite> <!-- org.testng.turn -->
